# JRE version: OpenJDK Runtime Environment Temurin-17.0.12+7 (17.0.12+7) (build 17.0.12+7)
# Java VM: OpenJDK 64-Bit Server VM Temurin-17.0.12+7 (17.0.12+7, mixed mode, tiered, compressed oops, compressed class ptrs, parallel gc, windows-amd64)
GC Precious Log:
 CPUs: 4 total, 4 available
 Memory: 3787M
 Large Page Support: Disabled
 NUMA Support: Disabled
 Compressed Oops: Enabled (32-bit)
 Alignments: Space 512K, Generation 512K, Heap 2M
 Heap Min Capacity: 100M
 Heap Initial Capacity: 100M
 Heap Max Capacity: 1G
 Pre-touch: Disabled
 Parallel Workers: 4
Heap:
 PSYoungGen      total 19456K, used 9981K [0x00000000eab00000, 0x00000000ec200000, 0x0000000100000000)
  eden space 17408K, 57% used [0x00000000eab00000,0x00000000eb4bf728,0x00000000ebc00000)
  from space 2048K, 0% used [0x00000000ebc00000,0x00000000ebc00000,0x00000000ebe00000)
  to   space 3072K, 0% used [0x00000000ebf00000,0x00000000ebf00000,0x00000000ec200000)
 ParOldGen       total 106496K, used 87371K [0x00000000c0000000, 0x00000000c6800000, 0x00000000eab00000)
  object space 106496K, 82% used [0x00000000c0000000,0x00000000c5552f78,0x00000000c6800000)
 Metaspace       used 67676K, committed 68864K, reserved 1114112K
  class space    used 7147K, committed 7680K, reserved 1048576K
GC Heap History (20 events):
Event: 25.105 GC heap before
{Heap before GC invocations=44 (full 3):
 PSYoungGen      total 21504K, used 21488K [0x00000000eab00000, 0x00000000ecc80000, 0x0000000100000000)
  eden space 17920K, 100% used [0x00000000eab00000,0x00000000ebc80000,0x00000000ebc80000)
  from space 3584K, 99% used [0x00000000ec300000,0x00000000ec67c3f8,0x00000000ec680000)
  to   space 6656K, 0% used [0x00000000ebc80000,0x00000000ebc80000,0x00000000ec300000)
 ParOldGen       total 68608K, used 58251K [0x00000000c0000000, 0x00000000c4300000, 0x00000000eab00000)
  object space 68608K, 84% used [0x00000000c0000000,0x00000000c38e2d10,0x00000000c4300000)
 Metaspace       used 63600K, committed 64768K, reserved 1114112K
  class space    used 6757K, committed 7296K, reserved 1048576K
}
Event: 25.114 GC heap after
{Heap after GC invocations=44 (full 3):
 PSYoungGen      total 22016K, used 3969K [0x00000000eab00000, 0x00000000ec680000, 0x0000000100000000)
  eden space 17920K, 0% used [0x00000000eab00000,0x00000000eab00000,0x00000000ebc80000)
  from space 4096K, 96% used [0x00000000ebc80000,0x00000000ec060658,0x00000000ec080000)
  to   space 5120K, 0% used [0x00000000ec180000,0x00000000ec180000,0x00000000ec680000)
 ParOldGen       total 68608K, used 61648K [0x00000000c0000000, 0x00000000c4300000, 0x00000000eab00000)
  object space 68608K, 89% used [0x00000000c0000000,0x00000000c3c34268,0x00000000c4300000)
 Metaspace       used 63600K, committed 64768K, reserved 1114112K
  class space    used 6757K, committed 7296K, reserved 1048576K
}
Event: 25.435 GC heap before
{Heap before GC invocations=45 (full 3):
 PSYoungGen      total 22016K, used 21889K [0x00000000eab00000, 0x00000000ec680000, 0x0000000100000000)
  eden space 17920K, 100% used [0x00000000eab00000,0x00000000ebc80000,0x00000000ebc80000)
  from space 4096K, 96% used [0x00000000ebc80000,0x00000000ec060658,0x00000000ec080000)
  to   space 5120K, 0% used [0x00000000ec180000,0x00000000ec180000,0x00000000ec680000)
 ParOldGen       total 68608K, used 61648K [0x00000000c0000000, 0x00000000c4300000, 0x00000000eab00000)
  object space 68608K, 89% used [0x00000000c0000000,0x00000000c3c34268,0x00000000c4300000)
 Metaspace       used 64475K, committed 65664K, reserved 1114112K
  class space    used 6860K, committed 7360K, reserved 1048576K
}
Event: 25.443 GC heap after
{Heap after GC invocations=45 (full 3):
 PSYoungGen      total 21504K, used 3469K [0x00000000eab00000, 0x00000000ec500000, 0x0000000100000000)
  eden space 17920K, 0% used [0x00000000eab00000,0x00000000eab00000,0x00000000ebc80000)
  from space 3584K, 96% used [0x00000000ec180000,0x00000000ec4e34a0,0x00000000ec500000)
  to   space 4096K, 0% used [0x00000000ebd00000,0x00000000ebd00000,0x00000000ec100000)
 ParOldGen       total 68608K, used 65403K [0x00000000c0000000, 0x00000000c4300000, 0x00000000eab00000)
  object space 68608K, 95% used [0x00000000c0000000,0x00000000c3fdef20,0x00000000c4300000)
 Metaspace       used 64475K, committed 65664K, reserved 1114112K
  class space    used 6860K, committed 7360K, reserved 1048576K
}
Event: 25.443 GC heap before
{Heap before GC invocations=46 (full 4):
 PSYoungGen      total 21504K, used 3469K [0x00000000eab00000, 0x00000000ec500000, 0x0000000100000000)
  eden space 17920K, 0% used [0x00000000eab00000,0x00000000eab00000,0x00000000ebc80000)
  from space 3584K, 96% used [0x00000000ec180000,0x00000000ec4e34a0,0x00000000ec500000)
  to   space 4096K, 0% used [0x00000000ebd00000,0x00000000ebd00000,0x00000000ec100000)
 ParOldGen       total 68608K, used 65403K [0x00000000c0000000, 0x00000000c4300000, 0x00000000eab00000)
  object space 68608K, 95% used [0x00000000c0000000,0x00000000c3fdef20,0x00000000c4300000)
 Metaspace       used 64475K, committed 65664K, reserved 1114112K
  class space    used 6860K, committed 7360K, reserved 1048576K
}
Event: 25.520 GC heap after
{Heap after GC invocations=46 (full 4):
 PSYoungGen      total 18432K, used 0K [0x00000000eab00000, 0x00000000ec480000, 0x0000000100000000)
  eden space 17920K, 0% used [0x00000000eab00000,0x00000000eab00000,0x00000000ebc80000)
  from space 512K, 0% used [0x00000000ebd00000,0x00000000ebd00000,0x00000000ebd80000)
  to   space 4096K, 0% used [0x00000000ec080000,0x00000000ec080000,0x00000000ec480000)
 ParOldGen       total 95232K, used 66075K [0x00000000c0000000, 0x00000000c5d00000, 0x00000000eab00000)
  object space 95232K, 69% used [0x00000000c0000000,0x00000000c4086d50,0x00000000c5d00000)
 Metaspace       used 64475K, committed 65664K, reserved 1114112K
  class space    used 6860K, committed 7360K, reserved 1048576K
}
Event: 25.692 GC heap before
{Heap before GC invocations=47 (full 4):
 PSYoungGen      total 18432K, used 17900K [0x00000000eab00000, 0x00000000ec480000, 0x0000000100000000)
  eden space 17920K, 99% used [0x00000000eab00000,0x00000000ebc7b078,0x00000000ebc80000)
  from space 512K, 0% used [0x00000000ebd00000,0x00000000ebd00000,0x00000000ebd80000)
  to   space 4096K, 0% used [0x00000000ec080000,0x00000000ec080000,0x00000000ec480000)
 ParOldGen       total 95232K, used 66075K [0x00000000c0000000, 0x00000000c5d00000, 0x00000000eab00000)
  object space 95232K, 69% used [0x00000000c0000000,0x00000000c4086d50,0x00000000c5d00000)
 Metaspace       used 65104K, committed 66240K, reserved 1114112K
  class space    used 6923K, committed 7424K, reserved 1048576K
}
Event: 25.699 GC heap after
{Heap after GC invocations=47 (full 4):
 PSYoungGen      total 21504K, used 4091K [0x00000000eab00000, 0x00000000ec580000, 0x0000000100000000)
  eden space 17408K, 0% used [0x00000000eab00000,0x00000000eab00000,0x00000000ebc00000)
  from space 4096K, 99% used [0x00000000ec080000,0x00000000ec47ec10,0x00000000ec480000)
  to   space 4608K, 0% used [0x00000000ebc00000,0x00000000ebc00000,0x00000000ec080000)
 ParOldGen       total 95232K, used 66363K [0x00000000c0000000, 0x00000000c5d00000, 0x00000000eab00000)
  object space 95232K, 69% used [0x00000000c0000000,0x00000000c40ced50,0x00000000c5d00000)
 Metaspace       used 65104K, committed 66240K, reserved 1114112K
  class space    used 6923K, committed 7424K, reserved 1048576K
}
Event: 26.576 GC heap before
{Heap before GC invocations=48 (full 4):
 PSYoungGen      total 21504K, used 21499K [0x00000000eab00000, 0x00000000ec580000, 0x0000000100000000)
  eden space 17408K, 100% used [0x00000000eab00000,0x00000000ebc00000,0x00000000ebc00000)
  from space 4096K, 99% used [0x00000000ec080000,0x00000000ec47ec10,0x00000000ec480000)
  to   space 4608K, 0% used [0x00000000ebc00000,0x00000000ebc00000,0x00000000ec080000)
 ParOldGen       total 95232K, used 66363K [0x00000000c0000000, 0x00000000c5d00000, 0x00000000eab00000)
  object space 95232K, 69% used [0x00000000c0000000,0x00000000c40ced50,0x00000000c5d00000)
 Metaspace       used 65978K, committed 67136K, reserved 1114112K
  class space    used 6998K, committed 7488K, reserved 1048576K
}
Event: 26.580 GC heap after
{Heap after GC invocations=48 (full 4):
 PSYoungGen      total 19456K, used 1976K [0x00000000eab00000, 0x00000000ec200000, 0x0000000100000000)
  eden space 17408K, 0% used [0x00000000eab00000,0x00000000eab00000,0x00000000ebc00000)
  from space 2048K, 96% used [0x00000000ebc00000,0x00000000ebdee2b8,0x00000000ebe00000)
  to   space 3072K, 0% used [0x00000000ebf00000,0x00000000ebf00000,0x00000000ec200000)
 ParOldGen       total 95232K, used 68905K [0x00000000c0000000, 0x00000000c5d00000, 0x00000000eab00000)
  object space 95232K, 72% used [0x00000000c0000000,0x00000000c434a7e0,0x00000000c5d00000)
 Metaspace       used 65978K, committed 67136K, reserved 1114112K
  class space    used 6998K, committed 7488K, reserved 1048576K
}
Event: 26.916 GC heap before
{Heap before GC invocations=49 (full 4):
 PSYoungGen      total 19456K, used 19384K [0x00000000eab00000, 0x00000000ec200000, 0x0000000100000000)
  eden space 17408K, 100% used [0x00000000eab00000,0x00000000ebc00000,0x00000000ebc00000)
  from space 2048K, 96% used [0x00000000ebc00000,0x00000000ebdee2b8,0x00000000ebe00000)
  to   space 3072K, 0% used [0x00000000ebf00000,0x00000000ebf00000,0x00000000ec200000)
 ParOldGen       total 95232K, used 68905K [0x00000000c0000000, 0x00000000c5d00000, 0x00000000eab00000)
  object space 95232K, 72% used [0x00000000c0000000,0x00000000c434a7e0,0x00000000c5d00000)
 Metaspace       used 67374K, committed 68608K, reserved 1114112K
  class space    used 7125K, committed 7680K, reserved 1048576K
}
Event: 26.923 GC heap after
{Heap after GC invocations=49 (full 4):
 PSYoungGen      total 20480K, used 2940K [0x00000000eab00000, 0x00000000ec200000, 0x0000000100000000)
  eden space 17408K, 0% used [0x00000000eab00000,0x00000000eab00000,0x00000000ebc00000)
  from space 3072K, 95% used [0x00000000ebf00000,0x00000000ec1df3d8,0x00000000ec200000)
  to   space 2048K, 0% used [0x00000000ebc00000,0x00000000ebc00000,0x00000000ebe00000)
 ParOldGen       total 95232K, used 71557K [0x00000000c0000000, 0x00000000c5d00000, 0x00000000eab00000)
  object space 95232K, 75% used [0x00000000c0000000,0x00000000c45e16e0,0x00000000c5d00000)
 Metaspace       used 67374K, committed 68608K, reserved 1114112K
  class space    used 7125K, committed 7680K, reserved 1048576K
}
Event: 26.996 GC heap before
{Heap before GC invocations=50 (full 4):
 PSYoungGen      total 20480K, used 20348K [0x00000000eab00000, 0x00000000ec200000, 0x0000000100000000)
  eden space 17408K, 100% used [0x00000000eab00000,0x00000000ebc00000,0x00000000ebc00000)
  from space 3072K, 95% used [0x00000000ebf00000,0x00000000ec1df3d8,0x00000000ec200000)
  to   space 2048K, 0% used [0x00000000ebc00000,0x00000000ebc00000,0x00000000ebe00000)
 ParOldGen       total 95232K, used 71557K [0x00000000c0000000, 0x00000000c5d00000, 0x00000000eab00000)
  object space 95232K, 75% used [0x00000000c0000000,0x00000000c45e16e0,0x00000000c5d00000)
 Metaspace       used 67424K, committed 68672K, reserved 1114112K
  class space    used 7136K, committed 7680K, reserved 1048576K
}
Event: 27.005 GC heap after
{Heap after GC invocations=50 (full 4):
 PSYoungGen      total 19456K, used 2024K [0x00000000eab00000, 0x00000000ec200000, 0x0000000100000000)
  eden space 17408K, 0% used [0x00000000eab00000,0x00000000eab00000,0x00000000ebc00000)
  from space 2048K, 98% used [0x00000000ebc00000,0x00000000ebdfa2c8,0x00000000ebe00000)
  to   space 3072K, 0% used [0x00000000ebf00000,0x00000000ebf00000,0x00000000ec200000)
 ParOldGen       total 95232K, used 81507K [0x00000000c0000000, 0x00000000c5d00000, 0x00000000eab00000)
  object space 95232K, 85% used [0x00000000c0000000,0x00000000c4f98e98,0x00000000c5d00000)
 Metaspace       used 67424K, committed 68672K, reserved 1114112K
  class space    used 7136K, committed 7680K, reserved 1048576K
}
Event: 27.081 GC heap before
{Heap before GC invocations=51 (full 4):
 PSYoungGen      total 19456K, used 19432K [0x00000000eab00000, 0x00000000ec200000, 0x0000000100000000)
  eden space 17408K, 100% used [0x00000000eab00000,0x00000000ebc00000,0x00000000ebc00000)
  from space 2048K, 98% used [0x00000000ebc00000,0x00000000ebdfa2c8,0x00000000ebe00000)
  to   space 3072K, 0% used [0x00000000ebf00000,0x00000000ebf00000,0x00000000ec200000)
 ParOldGen       total 95232K, used 81507K [0x00000000c0000000, 0x00000000c5d00000, 0x00000000eab00000)
  object space 95232K, 85% used [0x00000000c0000000,0x00000000c4f98e98,0x00000000c5d00000)
 Metaspace       used 67527K, committed 68736K, reserved 1114112K
  class space    used 7143K, committed 7680K, reserved 1048576K
}
Event: 27.092 GC heap after
{Heap after GC invocations=51 (full 4):
 PSYoungGen      total 19456K, used 19432K [0x00000000eab00000, 0x00000000ec200000, 0x0000000100000000)
  eden space 17408K, 100% used [0x00000000eab00000,0x00000000ebc00000,0x00000000ebc00000)
  from space 2048K, 98% used [0x00000000ebc00000,0x00000000ebdfa2c8,0x00000000ebe00000)
  to   space 3072K, 28% used [0x00000000ebf00000,0x00000000ebfd91c0,0x00000000ec200000)
 ParOldGen       total 95232K, used 83412K [0x00000000c0000000, 0x00000000c5d00000, 0x00000000eab00000)
  object space 95232K, 87% used [0x00000000c0000000,0x00000000c5175098,0x00000000c5d00000)
 Metaspace       used 67527K, committed 68736K, reserved 1114112K
  class space    used 7143K, committed 7680K, reserved 1048576K
}
Event: 27.092 GC heap before
{Heap before GC invocations=52 (full 5):
 PSYoungGen      total 19456K, used 19432K [0x00000000eab00000, 0x00000000ec200000, 0x0000000100000000)
  eden space 17408K, 100% used [0x00000000eab00000,0x00000000ebc00000,0x00000000ebc00000)
  from space 2048K, 98% used [0x00000000ebc00000,0x00000000ebdfa2c8,0x00000000ebe00000)
  to   space 3072K, 28% used [0x00000000ebf00000,0x00000000ebfd91c0,0x00000000ec200000)
 ParOldGen       total 95232K, used 83412K [0x00000000c0000000, 0x00000000c5d00000, 0x00000000eab00000)
  object space 95232K, 87% used [0x00000000c0000000,0x00000000c5175098,0x00000000c5d00000)
 Metaspace       used 67527K, committed 68736K, reserved 1114112K
  class space    used 7143K, committed 7680K, reserved 1048576K
}
Event: 27.189 GC heap after
{Heap after GC invocations=52 (full 5):
 PSYoungGen      total 20480K, used 0K [0x00000000eab00000, 0x00000000ec200000, 0x0000000100000000)
  eden space 17408K, 0% used [0x00000000eab00000,0x00000000eab00000,0x00000000ebc00000)
  from space 3072K, 0% used [0x00000000ebf00000,0x00000000ebf00000,0x00000000ec200000)
  to   space 2048K, 0% used [0x00000000ebc00000,0x00000000ebc00000,0x00000000ebe00000)
 ParOldGen       total 95232K, used 90008K [0x00000000c0000000, 0x00000000c5d00000, 0x00000000eab00000)
  object space 95232K, 94% used [0x00000000c0000000,0x00000000c57e6390,0x00000000c5d00000)
 Metaspace       used 67527K, committed 68736K, reserved 1114112K
  class space    used 7143K, committed 7680K, reserved 1048576K
}
Event: 27.281 GC heap before
{Heap before GC invocations=53 (full 6):
 PSYoungGen      total 20480K, used 17408K [0x00000000eab00000, 0x00000000ec200000, 0x0000000100000000)
  eden space 17408K, 100% used [0x00000000eab00000,0x00000000ebc00000,0x00000000ebc00000)
  from space 3072K, 0% used [0x00000000ebf00000,0x00000000ebf00000,0x00000000ec200000)
  to   space 2048K, 0% used [0x00000000ebc00000,0x00000000ebc00000,0x00000000ebe00000)
 ParOldGen       total 106496K, used 101018K [0x00000000c0000000, 0x00000000c6800000, 0x00000000eab00000)
  object space 106496K, 94% used [0x00000000c0000000,0x00000000c62a6930,0x00000000c6800000)
 Metaspace       used 67585K, committed 68800K, reserved 1114112K
  class space    used 7147K, committed 7680K, reserved 1048576K
}
Event: 27.353 GC heap after
{Heap after GC invocations=53 (full 6):
 PSYoungGen      total 19456K, used 0K [0x00000000eab00000, 0x00000000ec200000, 0x0000000100000000)
  eden space 17408K, 0% used [0x00000000eab00000,0x00000000eab00000,0x00000000ebc00000)
  from space 2048K, 0% used [0x00000000ebc00000,0x00000000ebc00000,0x00000000ebe00000)
  to   space 3072K, 0% used [0x00000000ebf00000,0x00000000ebf00000,0x00000000ec200000)
 ParOldGen       total 106496K, used 87371K [0x00000000c0000000, 0x00000000c6800000, 0x00000000eab00000)
  object space 106496K, 82% used [0x00000000c0000000,0x00000000c5552f78,0x00000000c6800000)
 Metaspace       used 67585K, committed 68800K, reserved 1114112K
  class space    used 7147K, committed 7680K, reserved 1048576K
}

