# JRE version: OpenJDK Runtime Environment Temurin-17.0.9+9 (17.0.9+9) (build 17.0.9+9)
# Java VM: OpenJDK 64-Bit Server VM Temurin-17.0.9+9 (17.0.9+9, mixed mode, tiered, compressed oops, compressed class ptrs, parallel gc, windows-amd64)
GC Precious Log:
 CPUs: 4 total, 4 available
 Memory: 3787M
 Large Page Support: Disabled
 NUMA Support: Disabled
 Compressed Oops: Enabled (32-bit)
 Alignments: Space 512K, Generatiosize512K, Heap 2M
 Heap MisizeCapacity: 100M
 Heap Initial Capacity: 100M
 Heap Max Capacity: 1G
 Pre-touch: Disabled
 Parallel Workers: 4
Heap:
 PSYoungGesize     total 19456K, used 14476K [0x00000000eab00000, 0x00000000ec000000, 0x0000000100000000)
  edesizespace 18432K, 73% used [0x00000000eab00000,0x00000000eb825b28,0x00000000ebd00000)
  from space 1024K, 98% used [0x00000000ebd00000,0x00000000ebdfd600,0x00000000ebe00000)
  to   space 1536K, 0% used [0x00000000ebe80000,0x00000000ebe80000,0x00000000ec000000)
 ParOldGesize      total 68608K, used 36078K [0x00000000c0000000, 0x00000000c4300000, 0x00000000eab00000)
  object space 68608K, 52% used [0x00000000c0000000,0x00000000c233b8b0,0x00000000c4300000)
 Metaspace       used 60309K, committed 61312K, reserved 1114112K
  class space    used 6591K, committed 7040K, reserved 1048576K
GC Heap History (20 events):
Event: 37.655 GC heap before
{Heap before GC invocations=21 (full 2):
 PSYoungGesize     total 24064K, used 23677K [0x00000000eab00000, 0x00000000ec580000, 0x0000000100000000)
  edesizespace 22016K, 98% used [0x00000000eab00000,0x00000000ec037428,0x00000000ec080000)
  from space 2048K, 95% used [0x00000000ec380000,0x00000000ec568020,0x00000000ec580000)
  to   space 2560K, 0% used [0x00000000ec080000,0x00000000ec080000,0x00000000ec300000)
 ParOldGesize      total 68608K, used 22237K [0x00000000c0000000, 0x00000000c4300000, 0x00000000eab00000)
  object space 68608K, 32% used [0x00000000c0000000,0x00000000c15b74a0,0x00000000c4300000)
 Metaspace       used 55666K, committed 56704K, reserved 1114112K
  class space    used 6113K, committed 6592K, reserved 1048576K
}
Event: 37.659 GC heap after
{Heap after GC invocations=21 (full 2):
 PSYoungGesize     total 24576K, used 2092K [0x00000000eab00000, 0x00000000ec580000, 0x0000000100000000)
  edesizespace 22016K, 0% used [0x00000000eab00000,0x00000000eab00000,0x00000000ec080000)
  from space 2560K, 81% used [0x00000000ec080000,0x00000000ec28b168,0x00000000ec300000)
  to   space 2560K, 0% used [0x00000000ec300000,0x00000000ec300000,0x00000000ec580000)
 ParOldGesize      total 68608K, used 24133K [0x00000000c0000000, 0x00000000c4300000, 0x00000000eab00000)
  object space 68608K, 35% used [0x00000000c0000000,0x00000000c17914c0,0x00000000c4300000)
 Metaspace       used 55666K, committed 56704K, reserved 1114112K
  class space    used 6113K, committed 6592K, reserved 1048576K
}
Event: 37.772 GC heap before
{Heap before GC invocations=22 (full 2):
 PSYoungGesize     total 24576K, used 24108K [0x00000000eab00000, 0x00000000ec580000, 0x0000000100000000)
  edesizespace 22016K, 100% used [0x00000000eab00000,0x00000000ec080000,0x00000000ec080000)
  from space 2560K, 81% used [0x00000000ec080000,0x00000000ec28b168,0x00000000ec300000)
  to   space 2560K, 0% used [0x00000000ec300000,0x00000000ec300000,0x00000000ec580000)
 ParOldGesize      total 68608K, used 24133K [0x00000000c0000000, 0x00000000c4300000, 0x00000000eab00000)
  object space 68608K, 35% used [0x00000000c0000000,0x00000000c17914c0,0x00000000c4300000)
 Metaspace       used 55739K, committed 56768K, reserved 1114112K
  class space    used 6124K, committed 6592K, reserved 1048576K
}
Event: 37.776 GC heap after
{Heap after GC invocations=22 (full 2):
 PSYoungGesize     total 20992K, used 2528K [0x00000000eab00000, 0x00000000ecc80000, 0x0000000100000000)
  edesizespace 18432K, 0% used [0x00000000eab00000,0x00000000eab00000,0x00000000ebd00000)
  from space 2560K, 98% used [0x00000000ec300000,0x00000000ec578020,0x00000000ec580000)
  to   space 6144K, 0% used [0x00000000ebd00000,0x00000000ebd00000,0x00000000ec300000)
 ParOldGesize      total 68608K, used 26745K [0x00000000c0000000, 0x00000000c4300000, 0x00000000eab00000)
  object space 68608K, 38% used [0x00000000c0000000,0x00000000c1a1e5b8,0x00000000c4300000)
 Metaspace       used 55739K, committed 56768K, reserved 1114112K
  class space    used 6124K, committed 6592K, reserved 1048576K
}
Event: 37.893 GC heap before
{Heap before GC invocations=23 (full 2):
 PSYoungGesize     total 20992K, used 20960K [0x00000000eab00000, 0x00000000ecc80000, 0x0000000100000000)
  edesizespace 18432K, 100% used [0x00000000eab00000,0x00000000ebd00000,0x00000000ebd00000)
  from space 2560K, 98% used [0x00000000ec300000,0x00000000ec578020,0x00000000ec580000)
  to   space 6144K, 0% used [0x00000000ebd00000,0x00000000ebd00000,0x00000000ec300000)
 ParOldGesize      total 68608K, used 26745K [0x00000000c0000000, 0x00000000c4300000, 0x00000000eab00000)
  object space 68608K, 38% used [0x00000000c0000000,0x00000000c1a1e5b8,0x00000000c4300000)
 Metaspace       used 55739K, committed 56768K, reserved 1114112K
  class space    used 6124K, committed 6592K, reserved 1048576K
}
Event: 37.898 GC heap after
{Heap after GC invocations=23 (full 2):
 PSYoungGesize     total 20992K, used 2080K [0x00000000eab00000, 0x00000000ec400000, 0x0000000100000000)
  edesizespace 18432K, 0% used [0x00000000eab00000,0x00000000eab00000,0x00000000ebd00000)
  from space 2560K, 81% used [0x00000000ebd00000,0x00000000ebf08000,0x00000000ebf80000)
  to   space 3584K, 0% used [0x00000000ec080000,0x00000000ec080000,0x00000000ec400000)
 ParOldGesize      total 68608K, used 29285K [0x00000000c0000000, 0x00000000c4300000, 0x00000000eab00000)
  object space 68608K, 42% used [0x00000000c0000000,0x00000000c1c99520,0x00000000c4300000)
 Metaspace       used 55739K, committed 56768K, reserved 1114112K
  class space    used 6124K, committed 6592K, reserved 1048576K
}
Event: 37.983 GC heap before
{Heap before GC invocations=24 (full 2):
 PSYoungGesize     total 20992K, used 20512K [0x00000000eab00000, 0x00000000ec400000, 0x0000000100000000)
  edesizespace 18432K, 100% used [0x00000000eab00000,0x00000000ebd00000,0x00000000ebd00000)
  from space 2560K, 81% used [0x00000000ebd00000,0x00000000ebf08000,0x00000000ebf80000)
  to   space 3584K, 0% used [0x00000000ec080000,0x00000000ec080000,0x00000000ec400000)
 ParOldGesize      total 68608K, used 29285K [0x00000000c0000000, 0x00000000c4300000, 0x00000000eab00000)
  object space 68608K, 42% used [0x00000000c0000000,0x00000000c1c99520,0x00000000c4300000)
 Metaspace       used 55739K, committed 56768K, reserved 1114112K
  class space    used 6124K, committed 6592K, reserved 1048576K
}
Event: 37.987 GC heap after
{Heap after GC invocations=24 (full 2):
 PSYoungGesize     total 20992K, used 2208K [0x00000000eab00000, 0x00000000ec300000, 0x0000000100000000)
  edesizespace 18432K, 0% used [0x00000000eab00000,0x00000000eab00000,0x00000000ebd00000)
  from space 2560K, 86% used [0x00000000ec080000,0x00000000ec2a8010,0x00000000ec300000)
  to   space 2560K, 0% used [0x00000000ebd00000,0x00000000ebd00000,0x00000000ebf80000)
 ParOldGesize      total 68608K, used 31285K [0x00000000c0000000, 0x00000000c4300000, 0x00000000eab00000)
  object space 68608K, 45% used [0x00000000c0000000,0x00000000c1e8d520,0x00000000c4300000)
 Metaspace       used 55739K, committed 56768K, reserved 1114112K
  class space    used 6124K, committed 6592K, reserved 1048576K
}
Event: 38.421 GC heap before
{Heap before GC invocations=25 (full 2):
 PSYoungGesize     total 20992K, used 20640K [0x00000000eab00000, 0x00000000ec300000, 0x0000000100000000)
  edesizespace 18432K, 100% used [0x00000000eab00000,0x00000000ebd00000,0x00000000ebd00000)
  from space 2560K, 86% used [0x00000000ec080000,0x00000000ec2a8010,0x00000000ec300000)
  to   space 2560K, 0% used [0x00000000ebd00000,0x00000000ebd00000,0x00000000ebf80000)
 ParOldGesize      total 68608K, used 31285K [0x00000000c0000000, 0x00000000c4300000, 0x00000000eab00000)
  object space 68608K, 45% used [0x00000000c0000000,0x00000000c1e8d520,0x00000000c4300000)
 Metaspace       used 56561K, committed 57600K, reserved 1114112K
  class space    used 6183K, committed 6656K, reserved 1048576K
}
Event: 38.429 GC heap after
{Heap after GC invocations=25 (full 2):
 PSYoungGesize     total 20992K, used 2433K [0x00000000eab00000, 0x00000000ec200000, 0x0000000100000000)
  edesizespace 18432K, 0% used [0x00000000eab00000,0x00000000eab00000,0x00000000ebd00000)
  from space 2560K, 95% used [0x00000000ebd00000,0x00000000ebf60628,0x00000000ebf80000)
  to   space 2560K, 0% used [0x00000000ebf80000,0x00000000ebf80000,0x00000000ec200000)
 ParOldGesize      total 68608K, used 33445K [0x00000000c0000000, 0x00000000c4300000, 0x00000000eab00000)
  object space 68608K, 48% used [0x00000000c0000000,0x00000000c20a9530,0x00000000c4300000)
 Metaspace       used 56561K, committed 57600K, reserved 1114112K
  class space    used 6183K, committed 6656K, reserved 1048576K
}
Event: 39.231 GC heap before
{Heap before GC invocations=26 (full 2):
 PSYoungGesize     total 20992K, used 20823K [0x00000000eab00000, 0x00000000ec200000, 0x0000000100000000)
  edesizespace 18432K, 99% used [0x00000000eab00000,0x00000000ebcf5850,0x00000000ebd00000)
  from space 2560K, 95% used [0x00000000ebd00000,0x00000000ebf60628,0x00000000ebf80000)
  to   space 2560K, 0% used [0x00000000ebf80000,0x00000000ebf80000,0x00000000ec200000)
 ParOldGesize      total 68608K, used 33445K [0x00000000c0000000, 0x00000000c4300000, 0x00000000eab00000)
  object space 68608K, 48% used [0x00000000c0000000,0x00000000c20a9530,0x00000000c4300000)
 Metaspace       used 58320K, committed 59328K, reserved 1114112K
  class space    used 6400K, committed 6848K, reserved 1048576K
}
Event: 39.236 GC heap after
{Heap after GC invocations=26 (full 2):
 PSYoungGesize     total 19456K, used 601K [0x00000000eab00000, 0x00000000ec080000, 0x0000000100000000)
  edesizespace 18432K, 0% used [0x00000000eab00000,0x00000000eab00000,0x00000000ebd00000)
  from space 1024K, 58% used [0x00000000ebf80000,0x00000000ec0165f0,0x00000000ec080000)
  to   space 1536K, 0% used [0x00000000ebd80000,0x00000000ebd80000,0x00000000ebf00000)
 ParOldGesize      total 68608K, used 35447K [0x00000000c0000000, 0x00000000c4300000, 0x00000000eab00000)
  object space 68608K, 51% used [0x00000000c0000000,0x00000000c229dff0,0x00000000c4300000)
 Metaspace       used 58320K, committed 59328K, reserved 1114112K
  class space    used 6400K, committed 6848K, reserved 1048576K
}
Event: 39.902 GC heap before
{Heap before GC invocations=27 (full 2):
 PSYoungGesize     total 19456K, used 10799K [0x00000000eab00000, 0x00000000ec080000, 0x0000000100000000)
  edesizespace 18432K, 55% used [0x00000000eab00000,0x00000000eb4f5a00,0x00000000ebd00000)
  from space 1024K, 58% used [0x00000000ebf80000,0x00000000ec0165f0,0x00000000ec080000)
  to   space 1536K, 0% used [0x00000000ebd80000,0x00000000ebd80000,0x00000000ebf00000)
 ParOldGesize      total 68608K, used 35447K [0x00000000c0000000, 0x00000000c4300000, 0x00000000eab00000)
  object space 68608K, 51% used [0x00000000c0000000,0x00000000c229dff0,0x00000000c4300000)
 Metaspace       used 58798K, committed 59776K, reserved 1114112K
  class space    used 6451K, committed 6912K, reserved 1048576K
}
Event: 39.903 GC heap after
{Heap after GC invocations=27 (full 2):
 PSYoungGesize     total 19968K, used 288K [0x00000000eab00000, 0x00000000ec000000, 0x0000000100000000)
  edesizespace 18432K, 0% used [0x00000000eab00000,0x00000000eab00000,0x00000000ebd00000)
  from space 1536K, 18% used [0x00000000ebd80000,0x00000000ebdc8010,0x00000000ebf00000)
  to   space 1024K, 0% used [0x00000000ebf00000,0x00000000ebf00000,0x00000000ec000000)
 ParOldGesize      total 68608K, used 35997K [0x00000000c0000000, 0x00000000c4300000, 0x00000000eab00000)
  object space 68608K, 52% used [0x00000000c0000000,0x00000000c2327508,0x00000000c4300000)
 Metaspace       used 58798K, committed 59776K, reserved 1114112K
  class space    used 6451K, committed 6912K, reserved 1048576K
}
Event: 39.903 GC heap before
{Heap before GC invocations=28 (full 3):
 PSYoungGesize     total 19968K, used 288K [0x00000000eab00000, 0x00000000ec000000, 0x0000000100000000)
  edesizespace 18432K, 0% used [0x00000000eab00000,0x00000000eab00000,0x00000000ebd00000)
  from space 1536K, 18% used [0x00000000ebd80000,0x00000000ebdc8010,0x00000000ebf00000)
  to   space 1024K, 0% used [0x00000000ebf00000,0x00000000ebf00000,0x00000000ec000000)
 ParOldGesize      total 68608K, used 35997K [0x00000000c0000000, 0x00000000c4300000, 0x00000000eab00000)
  object space 68608K, 52% used [0x00000000c0000000,0x00000000c2327508,0x00000000c4300000)
 Metaspace       used 58798K, committed 59776K, reserved 1114112K
  class space    used 6451K, committed 6912K, reserved 1048576K
}
Event: 39.998 GC heap after
{Heap after GC invocations=28 (full 3):
 PSYoungGesize     total 19968K, used 0K [0x00000000eab00000, 0x00000000ec000000, 0x0000000100000000)
  edesizespace 18432K, 0% used [0x00000000eab00000,0x00000000eab00000,0x00000000ebd00000)
  from space 1536K, 0% used [0x00000000ebd80000,0x00000000ebd80000,0x00000000ebf00000)
  to   space 1024K, 0% used [0x00000000ebf00000,0x00000000ebf00000,0x00000000ec000000)
 ParOldGesize      total 68608K, used 34395K [0x00000000c0000000, 0x00000000c4300000, 0x00000000eab00000)
  object space 68608K, 50% used [0x00000000c0000000,0x00000000c2196e38,0x00000000c4300000)
 Metaspace       used 58798K, committed 59776K, reserved 1114112K
  class space    used 6451K, committed 6912K, reserved 1048576K
}
Event: 40.823 GC heap before
{Heap before GC invocations=29 (full 3):
 PSYoungGesize     total 19968K, used 18432K [0x00000000eab00000, 0x00000000ec000000, 0x0000000100000000)
  edesizespace 18432K, 100% used [0x00000000eab00000,0x00000000ebd00000,0x00000000ebd00000)
  from space 1536K, 0% used [0x00000000ebd80000,0x00000000ebd80000,0x00000000ebf00000)
  to   space 1024K, 0% used [0x00000000ebf00000,0x00000000ebf00000,0x00000000ec000000)
 ParOldGesize      total 68608K, used 34395K [0x00000000c0000000, 0x00000000c4300000, 0x00000000eab00000)
  object space 68608K, 50% used [0x00000000c0000000,0x00000000c2196e38,0x00000000c4300000)
 Metaspace       used 59913K, committed 60992K, reserved 1114112K
  class space    used 6562K, committed 7040K, reserved 1048576K
}
Event: 40.825 GC heap after
{Heap after GC invocations=29 (full 3):
 PSYoungGesize     total 19456K, used 994K [0x00000000eab00000, 0x00000000ec100000, 0x0000000100000000)
  edesizespace 18432K, 0% used [0x00000000eab00000,0x00000000eab00000,0x00000000ebd00000)
  from space 1024K, 97% used [0x00000000ebf00000,0x00000000ebff8bb0,0x00000000ec000000)
  to   space 2048K, 0% used [0x00000000ebd00000,0x00000000ebd00000,0x00000000ebf00000)
 ParOldGesize      total 68608K, used 35098K [0x00000000c0000000, 0x00000000c4300000, 0x00000000eab00000)
  object space 68608K, 51% used [0x00000000c0000000,0x00000000c22469d0,0x00000000c4300000)
 Metaspace       used 59913K, committed 60992K, reserved 1114112K
  class space    used 6562K, committed 7040K, reserved 1048576K
}
Event: 40.996 GC heap before
{Heap before GC invocations=30 (full 3):
 PSYoungGesize     total 19456K, used 19426K [0x00000000eab00000, 0x00000000ec100000, 0x0000000100000000)
  edesizespace 18432K, 100% used [0x00000000eab00000,0x00000000ebd00000,0x00000000ebd00000)
  from space 1024K, 97% used [0x00000000ebf00000,0x00000000ebff8bb0,0x00000000ec000000)
  to   space 2048K, 0% used [0x00000000ebd00000,0x00000000ebd00000,0x00000000ebf00000)
 ParOldGesize      total 68608K, used 35098K [0x00000000c0000000, 0x00000000c4300000, 0x00000000eab00000)
  object space 68608K, 51% used [0x00000000c0000000,0x00000000c22469d0,0x00000000c4300000)
 Metaspace       used 59941K, committed 60992K, reserved 1114112K
  class space    used 6562K, committed 7040K, reserved 1048576K
}
Event: 40.997 GC heap after
{Heap after GC invocations=30 (full 3):
 PSYoungGesize     total 19456K, used 1013K [0x00000000eab00000, 0x00000000ec000000, 0x0000000100000000)
  edesizespace 18432K, 0% used [0x00000000eab00000,0x00000000eab00000,0x00000000ebd00000)
  from space 1024K, 98% used [0x00000000ebd00000,0x00000000ebdfd600,0x00000000ebe00000)
  to   space 1536K, 0% used [0x00000000ebe80000,0x00000000ebe80000,0x00000000ec000000)
 ParOldGesize      total 68608K, used 36078K [0x00000000c0000000, 0x00000000c4300000, 0x00000000eab00000)
  object space 68608K, 52% used [0x00000000c0000000,0x00000000c233b8b0,0x00000000c4300000)
 Metaspace       used 59941K, committed 60992K, reserved 1114112K
  class space    used 6562K, committed 7040K, reserved 1048576K
}

